<?xml version="1.0" encoding="UTF-8"?>
<!-- Generated by org.testng.reporters.JUnitReportReporter -->
<testsuite hostname="Joseph-PC" failures="0" tests="1" name="testCases.LoginwithPropertiesTest" time="2.116" errors="0" timestamp="2024-10-22T10:44:52 SGT" skipped="0">
  <testcase classname="testCases.LoginwithPropertiesTest" name="loginTest" time="2.116"/>
</testsuite> <!-- testCases.LoginwithPropertiesTest -->
