<?xml version="1.0" encoding="UTF-8"?>
<!-- Generated by org.testng.reporters.JUnitReportReporter -->
<testsuite hostname="Joseph-PC" failures="0" tests="2" name="testCases.AccountCreationTest" time="8.700" errors="0" timestamp="2024-10-22T10:44:52 SGT" skipped="0">
  <testcase classname="testCases.AccountCreationTest" name="accountRegiTest" time="4.104"/>
  <testcase classname="testCases.AccountCreationTest" name="accountRegiTest" time="4.596"/>
</testsuite> <!-- testCases.AccountCreationTest -->
