<?xml version="1.0" encoding="UTF-8"?>
<!-- Generated by org.testng.reporters.JUnitReportReporter -->
<testsuite hostname="Joseph-PC" failures="0" tests="1" name="testCases.AccountCreationTest" time="3.169" errors="0" timestamp="2024-10-22T15:32:34 SGT" skipped="0">
  <testcase classname="testCases.AccountCreationTest" name="accountRegiTest" time="3.169"/>
</testsuite> <!-- testCases.AccountCreationTest -->
